<?xml version="1.0" encoding="UTF-8"?>
<!-- Generated by org.testng.reporters.JUnitReportReporter -->
<testsuite hostname="DESKTOP-5EVK54D" failures="0" tests="3" name="apprunnner.ProfileRunner" time="0.709" errors="0" timestamp="2024-02-01T19:37:58 IST" skipped="0">
  <testcase classname="apprunnner.ProfileRunner" name="runScenario" time="0.062"/>
  <system-out/>
  <testcase classname="apprunnner.ProfileRunner" name="runScenario" time="0.466"/>
  <system-out/>
  <testcase classname="apprunnner.ProfileRunner" name="runScenario" time="0.181"/>
  <system-out/>
</testsuite> <!-- apprunnner.ProfileRunner -->
