<?xml version="1.0" encoding="UTF-8"?>
<!-- Generated by org.testng.reporters.JUnitReportReporter -->
<testsuite hostname="DESKTOP-5EVK54D" failures="0" tests="2" name="apprunnner.ProductRunner" time="0.612" errors="0" timestamp="2024-02-05T20:29:55 IST" skipped="0">
  <testcase classname="apprunnner.ProductRunner" name="runScenario" time="0.101"/>
  <system-out/>
  <testcase classname="apprunnner.ProductRunner" name="runScenario" time="0.511"/>
  <system-out/>
</testsuite> <!-- apprunnner.ProductRunner -->
