<?xml version="1.0" encoding="UTF-8"?>
<!-- Generated by org.testng.reporters.JUnitReportReporter -->
<testsuite hostname="DESKTOP-5EVK54D" failures="0" tests="2" name="apprunnner.LoginRunner" time="0.254" errors="0" timestamp="2024-01-24T21:24:14 IST" skipped="0">
  <testcase classname="apprunnner.LoginRunner" name="runScenario" time="0.038"/>
  <system-out/>
  <testcase classname="apprunnner.LoginRunner" name="runScenario" time="0.216"/>
  <system-out/>
</testsuite> <!-- apprunnner.LoginRunner -->
