<?xml version="1.0" encoding="UTF-8"?>
<!-- Generated by org.testng.reporters.JUnitReportReporter -->
<testsuite hostname="DESKTOP-5EVK54D" failures="0" tests="1" name="apprunnner.LoginWithDataRunner" time="0.422" errors="0" timestamp="2024-01-26T20:34:53 IST" skipped="0">
  <testcase classname="apprunnner.LoginWithDataRunner" name="runScenario" time="0.422"/>
  <system-out/>
</testsuite> <!-- apprunnner.LoginWithDataRunner -->
