<?xml version="1.0" encoding="UTF-8"?>
<!-- Generated by org.testng.reporters.JUnitReportReporter -->
<testsuite hostname="DESKTOP-5EVK54D" failures="0" tests="2" name="uiappfeature.AmazonTestRunner" time="51.948" errors="0" timestamp="2024-07-15T20:52:19 IST" skipped="0">
  <testcase classname="uiappfeature.AmazonTestRunner" name="runScenario" time="27.751"/>
  <system-out/>
  <testcase classname="uiappfeature.AmazonTestRunner" name="runScenario" time="24.197"/>
  <system-out/>
</testsuite> <!-- uiappfeature.AmazonTestRunner -->
