<?xml version="1.0" encoding="UTF-8"?>
<!-- Generated by org.testng.reporters.JUnitReportReporter -->
<testsuite hostname="DESKTOP-5EVK54D" failures="0" tests="4" name="apprunnner.ScenarioOutlineRunner" time="1.064" errors="0" timestamp="2024-01-29T20:17:58 IST" skipped="0">
  <testcase classname="apprunnner.ScenarioOutlineRunner" name="runScenario" time="0.656"/>
  <system-out/>
  <testcase classname="apprunnner.ScenarioOutlineRunner" name="runScenario" time="0.139"/>
  <system-out/>
  <testcase classname="apprunnner.ScenarioOutlineRunner" name="runScenario" time="0.187"/>
  <system-out/>
  <testcase classname="apprunnner.ScenarioOutlineRunner" name="runScenario" time="0.082"/>
  <system-out/>
</testsuite> <!-- apprunnner.ScenarioOutlineRunner -->
